<?xml version="1.0" encoding="UTF-8"?>
<!-- Generated by org.testng.reporters.JUnitXMLReporter -->
<testsuite hostname="JAGA" name="CreateAccount" tests="2" failures="1" timestamp="14 Jul 2017 15:36:22 GMT" time="46.809" errors="0">
  <testcase name="testcreateAccountRegistration" time="8.949" classname="com.jaga.pageobjectmodel.testscripts.TC001_CreateAccount"/>
  <testcase name="testcreateAccountRegistration" time="9.783" classname="com.jaga.pageobjectmodel.testscripts.TC001_CreateAccount">
    <failure type="java.lang.AssertionError" message="expected [http://www.gcrit.com/build3/create_account_success.php] but found [http://www.gcrit.com/build3/create_account.php]">
      <![CDATA[java.lang.AssertionError: expected [http://www.gcrit.com/build3/create_account_success.php] but found [http://www.gcrit.com/build3/create_account.php]
	at com.jaga.pageobjectmodel.pagelibrary.CreateAnAccount.createAccountRegistration(CreateAnAccount.java:106)
	at com.jaga.pageobjectmodel.testscripts.TC001_CreateAccount.testcreateAccountRegistration(TC001_CreateAccount.java:101)
... Removed 29 stack frames]]>
    </failure>
  </testcase> <!-- testcreateAccountRegistration -->
</testsuite> <!-- CreateAccount -->
