<?xml version="1.0" encoding="UTF-8"?>
<!-- Generated by org.testng.reporters.JUnitXMLReporter -->
<testsuite hostname="JAGA" name="SignIn" tests="2" failures="1" timestamp="8 Jul 2017 05:33:00 GMT" time="52.689" errors="0">
  <testcase name="testSignIn" time="9.075" classname="com.jaga.pageobjectmodel.testscripts.TC002_SignIn"/>
  <testcase name="testSignIn" time="4.465" classname="com.jaga.pageobjectmodel.testscripts.TC002_SignIn">
    <failure type="java.lang.AssertionError" message="expected [http://www.gcrit.com/build3/index.php] but found [http://www.gcrit.com/build3/login.php?action=process&amp;amp;osCsid=pt4flksdgj845vh2sgite3s7e4]">
      <![CDATA[java.lang.AssertionError: expected [http://www.gcrit.com/build3/index.php] but found [http://www.gcrit.com/build3/login.php?action=process&osCsid=pt4flksdgj845vh2sgite3s7e4]
	at com.jaga.pageobjectmodel.pagelibrary.SignIn.SignInTOAccount(SignIn.java:80)
	at com.jaga.pageobjectmodel.testscripts.TC002_SignIn.testSignIn(TC002_SignIn.java:109)
... Removed 29 stack frames]]>
    </failure>
  </testcase> <!-- testSignIn -->
</testsuite> <!-- SignIn -->
