<?xml version="1.0" encoding="UTF-8"?>
<!-- Generated by org.testng.reporters.JUnitXMLReporter -->
<testsuite hostname="JAGA" name="TestCaseExecutionScript" tests="2" failures="1" timestamp="3 Mar 2018 03:46:50 GMT" time="22.574" errors="0">
  <testcase name="testcreateAccountRegistration" time="9.995" classname="com.jaga.pageobjectmodel.testscripts.TestCaseExecutionScript">
    <failure type="java.lang.AssertionError" message="expected [http://www.gcrit.com/build3/create_account_success.php] but found [http://www.gcrit.com/build3/create_account.php]">
      <![CDATA[java.lang.AssertionError: expected [http://www.gcrit.com/build3/create_account_success.php] but found [http://www.gcrit.com/build3/create_account.php]
	at com.jaga.pageobjectmodel.pagelibrary.CreateAnAccount.createAccountRegistration(CreateAnAccount.java:106)
	at com.jaga.pageobjectmodel.testscripts.TestCaseExecutionScript.testcreateAccountRegistration(TestCaseExecutionScript.java:106)
... Removed 29 stack frames]]>
    </failure>
  </testcase> <!-- testcreateAccountRegistration -->
  <testcase name="testSignIn" time="0.0" classname="com.jaga.pageobjectmodel.testscripts.TestCaseExecutionScript">
    <skipped/>
  </testcase> <!-- testSignIn -->
</testsuite> <!-- TestCaseExecutionScript -->
