<?xml version="1.0" encoding="UTF-8"?>
<!-- Generated by org.testng.reporters.JUnitXMLReporter -->
<testsuite hostname="JAGA" name="Command line test" tests="2" failures="1" timestamp="3 Mar 2018 14:24:05 GMT" time="81.747" errors="0">
  <testcase name="testcreateAccountRegistration" time="16.705" classname="com.jaga.pageobjectmodel.testscripts.TestCaseExecutionScript">
    <failure type="java.lang.AssertionError" message="expected [http://www.gcrit.com/build3/create_account_success.php] but found [http://www.gcrit.com/build3/create_account.php]">
      <![CDATA[java.lang.AssertionError: expected [http://www.gcrit.com/build3/create_account_success.php] but found [http://www.gcrit.com/build3/create_account.php]
	at com.jaga.pageobjectmodel.pagelibrary.CreateAnAccount.createAccountRegistration(CreateAnAccount.java:106)
	at com.jaga.pageobjectmodel.testscripts.TestCaseExecutionScript.testcreateAccountRegistration(TestCaseExecutionScript.java:106)
	at org.apache.maven.surefire.testng.TestNGExecutor.run(TestNGExecutor.java:77)
	at org.apache.maven.surefire.testng.TestNGDirectoryTestSuite.execute(TestNGDirectoryTestSuite.java:110)
	at org.apache.maven.surefire.testng.TestNGProvider.invoke(TestNGProvider.java:106)
	at org.apache.maven.surefire.util.ReflectionUtils.invokeMethodWithArray(ReflectionUtils.java:189)
	at org.apache.maven.surefire.booter.ProviderFactory$ProviderProxy.invoke(ProviderFactory.java:165)
	at org.apache.maven.surefire.booter.ProviderFactory.invokeProvider(ProviderFactory.java:85)
	at org.apache.maven.surefire.booter.ForkedBooter.runSuitesInProcess(ForkedBooter.java:115)
	at org.apache.maven.surefire.booter.ForkedBooter.main(ForkedBooter.java:75)
... Removed 30 stack frames]]>
    </failure>
  </testcase> <!-- testcreateAccountRegistration -->
  <testcase name="testSignIn" time="0.001" classname="com.jaga.pageobjectmodel.testscripts.TestCaseExecutionScript">
    <skipped/>
  </testcase> <!-- testSignIn -->
</testsuite> <!-- Command line test -->
