<?xml version="1.0" encoding="UTF-8" ?>
<testsuite tests="2" failures="1" name="com.jaga.pageobjectmodel.testscripts.TestCaseExecutionScript" time="33.465" errors="0" skipped="1">
  <properties>
    <property name="java.runtime.name" value="Java(TM) SE Runtime Environment"/>
    <property name="sun.boot.library.path" value="C:\Program Files\Java\jre1.8.0_161\bin"/>
    <property name="java.vm.version" value="25.161-b12"/>
    <property name="java.vm.vendor" value="Oracle Corporation"/>
    <property name="maven.multiModuleProjectDirectory" value="E:\ECLIPSE ENV\Selenium_Excercises\Selenium_PageObjectModelFramework"/>
    <property name="java.vendor.url" value="http://java.oracle.com/"/>
    <property name="path.separator" value=";"/>
    <property name="guice.disable.misplaced.annotation.check" value="true"/>
    <property name="java.vm.name" value="Java HotSpot(TM) Client VM"/>
    <property name="file.encoding.pkg" value="sun.io"/>
    <property name="user.script" value=""/>
    <property name="user.country" value="US"/>
    <property name="sun.java.launcher" value="SUN_STANDARD"/>
    <property name="sun.os.patch.level" value=""/>
    <property name="java.vm.specification.name" value="Java Virtual Machine Specification"/>
    <property name="user.dir" value="E:\ECLIPSE ENV\Selenium_Excercises\Selenium_PageObjectModelFramework"/>
    <property name="java.runtime.version" value="1.8.0_161-b12"/>
    <property name="java.awt.graphicsenv" value="sun.awt.Win32GraphicsEnvironment"/>
    <property name="java.endorsed.dirs" value="C:\Program Files\Java\jre1.8.0_161\lib\endorsed"/>
    <property name="os.arch" value="x86"/>
    <property name="java.io.tmpdir" value="C:\Users\JAGATH~1\AppData\Local\Temp\"/>
    <property name="line.separator" value="
"/>
    <property name="java.vm.specification.vendor" value="Oracle Corporation"/>
    <property name="user.variant" value=""/>
    <property name="os.name" value="Windows 10"/>
    <property name="classworlds.conf" value="E:\ECLIPSE ENV\Selenium_Excercises\.metadata\.plugins\org.eclipse.m2e.launching\launches\m2conf5849184809791714956.tmp"/>
    <property name="sun.jnu.encoding" value="Cp1252"/>
    <property name="java.library.path" value="C:\Program Files\Java\jre1.8.0_161\bin;C:\WINDOWS\Sun\Java\bin;C:\WINDOWS\system32;C:\WINDOWS;C:/Program Files/Java/jre1.8.0_161/bin/client;C:/Program Files/Java/jre1.8.0_161/bin;C:/Program Files/Java/jre1.8.0_161/lib/i386;C:\ProgramData\Oracle\Java\javapath;C:\WINDOWS\system32;C:\WINDOWS;C:\WINDOWS\System32\Wbem;C:\WINDOWS\System32\WindowsPowerShell\v1.0\;&quot;C:\Program Files\Git\cmd;&quot;;E:\ECLIPSE ENV\Support Files\ANT\apache-ant-1.10.1\bin;C:\Users\Jagatheshwaran\AppData\Local\Microsoft\WindowsApps;;E:\ECLIPSE ENV\eclipse;;."/>
    <property name="java.specification.name" value="Java Platform API Specification"/>
    <property name="java.class.version" value="52.0"/>
    <property name="sun.management.compiler" value="HotSpot Client Compiler"/>
    <property name="os.version" value="10.0"/>
    <property name="user.home" value="C:\Users\Jagatheshwaran"/>
    <property name="user.timezone" value="Asia/Calcutta"/>
    <property name="java.awt.printerjob" value="sun.awt.windows.WPrinterJob"/>
    <property name="java.specification.version" value="1.8"/>
    <property name="file.encoding" value="Cp1252"/>
    <property name="user.name" value="Jagatheshwaran"/>
    <property name="java.class.path" value="E:\ECLIPSE ENV\eclipse\plugins\org.eclipse.m2e.maven.runtime_1.8.2.20171007-0216\jars\plexus-classworlds-2.5.2.jar"/>
    <property name="java.vm.specification.version" value="1.8"/>
    <property name="sun.arch.data.model" value="32"/>
    <property name="java.home" value="C:\Program Files\Java\jre1.8.0_161"/>
    <property name="sun.java.command" value="org.codehaus.plexus.classworlds.launcher.Launcher -B install"/>
    <property name="java.specification.vendor" value="Oracle Corporation"/>
    <property name="user.language" value="en"/>
    <property name="awt.toolkit" value="sun.awt.windows.WToolkit"/>
    <property name="java.vm.info" value="mixed mode"/>
    <property name="java.version" value="1.8.0_161"/>
    <property name="java.ext.dirs" value="C:\Program Files\Java\jre1.8.0_161\lib\ext;C:\WINDOWS\Sun\Java\lib\ext"/>
    <property name="sun.boot.class.path" value="C:\Program Files\Java\jre1.8.0_161\lib\resources.jar;C:\Program Files\Java\jre1.8.0_161\lib\rt.jar;C:\Program Files\Java\jre1.8.0_161\lib\sunrsasign.jar;C:\Program Files\Java\jre1.8.0_161\lib\jsse.jar;C:\Program Files\Java\jre1.8.0_161\lib\jce.jar;C:\Program Files\Java\jre1.8.0_161\lib\charsets.jar;C:\Program Files\Java\jre1.8.0_161\lib\jfr.jar;C:\Program Files\Java\jre1.8.0_161\classes"/>
    <property name="java.vendor" value="Oracle Corporation"/>
    <property name="maven.home" value="E:\ECLIPSE ENV\Selenium_Excercises\Selenium_PageObjectModelFramework\EMBEDDED"/>
    <property name="file.separator" value="\"/>
    <property name="java.vendor.url.bug" value="http://bugreport.sun.com/bugreport/"/>
    <property name="sun.cpu.endian" value="little"/>
    <property name="sun.io.unicode.encoding" value="UnicodeLittle"/>
    <property name="sun.desktop" value="windows"/>
    <property name="sun.cpu.isalist" value="pentium_pro+mmx pentium_pro pentium+mmx pentium i486 i386 i86"/>
  </properties>
  <testcase classname="com.jaga.pageobjectmodel.testscripts.TestCaseExecutionScript" name="testcreateAccountRegistration" time="16.708">
    <failure message="expected [http://www.gcrit.com/build3/create_account_success.php] but found [http://www.gcrit.com/build3/create_account.php]" type="java.lang.AssertionError">java.lang.AssertionError: expected [http://www.gcrit.com/build3/create_account_success.php] but found [http://www.gcrit.com/build3/create_account.php]
	at org.testng.Assert.fail(Assert.java:94)
	at org.testng.Assert.failNotEquals(Assert.java:494)
	at org.testng.Assert.assertEquals(Assert.java:123)
	at org.testng.Assert.assertEquals(Assert.java:176)
	at org.testng.Assert.assertEquals(Assert.java:186)
	at com.jaga.pageobjectmodel.pagelibrary.CreateAnAccount.createAccountRegistration(CreateAnAccount.java:106)
	at com.jaga.pageobjectmodel.testscripts.TestCaseExecutionScript.testcreateAccountRegistration(TestCaseExecutionScript.java:106)
</failure>
    <system-out>Configuring TestNG with: org.apache.maven.surefire.testng.conf.TestNG652Configurator@1192d32
 INFO [main] (Common_Functions.java:2028)- The Data from Property file is : http://www.gcrit.com/build3/create_account_success.php
 INFO [main] (CreateAnAccount.java:74)- Before Create Account
 INFO [main] (CreateAnAccount.java:75)- The Registration Details for the Create Account
 INFO [main] (Common_Functions.java:783)- Element clicked successfully
 INFO [main] (Common_Functions.java:783)- Element clicked successfully
 INFO [main] (Common_Functions.java:218)- The value Jaga is entered at element By.name: firstname
 INFO [main] (Common_Functions.java:218)- The value Waran is entered at element By.name: lastname
 INFO [main] (Common_Functions.java:191)- The value 08/30/1991 is entered at element By.id: dob
 INFO [main] (Common_Functions.java:218)- The value testjaga277171@gmail.com is entered at element By.name: email_address
 INFO [main] (Common_Functions.java:218)- The value IT Company is entered at element By.name: company
 INFO [main] (Common_Functions.java:218)- The value Sholinganallur is entered at element By.name: street_address
 INFO [main] (Common_Functions.java:218)- The value 600119 is entered at element By.name: postcode
 INFO [main] (Common_Functions.java:218)- The value Chennai is entered at element By.name: city
 INFO [main] (Common_Functions.java:218)- The value TamilNadu is entered at element By.name: state
 INFO [main] (Common_Functions.java:1024)- DropDown option India is selected at element By.name: country
 INFO [main] (Common_Functions.java:218)- The value 9876543212 is entered at element By.name: telephone
 INFO [main] (Common_Functions.java:218)- The value jaga@12345 is entered at element By.name: password
 INFO [main] (Common_Functions.java:218)- The value jaga@12345 is entered at element By.name: confirmation
 INFO [main] (Common_Functions.java:679)- Element clicked successfully
 INFO [main] (CreateAnAccount.java:94)- After Create Account
 INFO [main] (Common_Functions.java:323)- Current Url is captured
 INFO [main] (CreateAnAccount.java:104)- The Account has not been Registered and Created UnSuccessfully
 INFO [main] (Common_Functions.java:969)- Returning Actual Text  Your E-Mail Address already exists in our records - please log in with the e-mail address or create an account with a different address.
 INFO [main] (CreateAnAccount.java:105)-  Your E-Mail Address already exists in our records - please log in with the e-mail address or create an account with a different address.
</system-out>
  </testcase>
  <testcase classname="com.jaga.pageobjectmodel.testscripts.TestCaseExecutionScript" name="testSignIn" time="16.757">
    <skipped/>
    <system-out> INFO [main] (Common_Functions.java:1973)- Browser closed
</system-out>
  </testcase>
</testsuite>