<?xml version="1.0" encoding="UTF-8"?>
<testng-results skipped="1" failed="1" total="2" passed="0">
  <reporter-output>
  </reporter-output>
  <suite name="com.jaga.pageobjectmodel.testscripts.TestCaseExecutionScript" duration-ms="81747" started-at="2018-03-03T14:22:42Z" finished-at="2018-03-03T14:24:04Z">
    <groups>
    </groups>
    <test name="Command line test" duration-ms="81747" started-at="2018-03-03T14:22:42Z" finished-at="2018-03-03T14:24:04Z">
      <class name="com.jaga.pageobjectmodel.testscripts.TestCaseExecutionScript">
        <test-method status="PASS" signature="setup()[pri:0, instance:com.jaga.pageobjectmodel.testscripts.TestCaseExecutionScript@8e7350]" name="setup" is-config="true" duration-ms="62112" started-at="2018-03-03T19:52:45Z" finished-at="2018-03-03T19:53:47Z">
          <reporter-output>
          </reporter-output>
        </test-method> <!-- setup -->
        <test-method status="FAIL" signature="testcreateAccountRegistration(java.lang.String, java.lang.String, java.lang.String, java.lang.String, java.lang.String, java.lang.String, java.lang.String, java.lang.String, java.lang.String, java.lang.String, java.lang.String, java.lang.String, java.lang.String, java.lang.String, java.lang.String)[pri:0, instance:com.jaga.pageobjectmodel.testscripts.TestCaseExecutionScript@8e7350]" name="testcreateAccountRegistration" duration-ms="16705" started-at="2018-03-03T19:53:47Z" data-provider="createAccountData" finished-at="2018-03-03T19:54:04Z">
          <params>
            <param index="0">
              <value>
                <![CDATA[Y]]>
              </value>
            </param>
            <param index="1">
              <value>
                <![CDATA[CreateAccount]]>
              </value>
            </param>
            <param index="2">
              <value>
                <![CDATA[Jaga]]>
              </value>
            </param>
            <param index="3">
              <value>
                <![CDATA[Waran]]>
              </value>
            </param>
            <param index="4">
              <value>
                <![CDATA[08/30/1991]]>
              </value>
            </param>
            <param index="5">
              <value>
                <![CDATA[testjaga277171@gmail.com]]>
              </value>
            </param>
            <param index="6">
              <value>
                <![CDATA[IT Company]]>
              </value>
            </param>
            <param index="7">
              <value>
                <![CDATA[Sholinganallur]]>
              </value>
            </param>
            <param index="8">
              <value>
                <![CDATA[600119]]>
              </value>
            </param>
            <param index="9">
              <value>
                <![CDATA[Chennai]]>
              </value>
            </param>
            <param index="10">
              <value>
                <![CDATA[TamilNadu]]>
              </value>
            </param>
            <param index="11">
              <value>
                <![CDATA[India]]>
              </value>
            </param>
            <param index="12">
              <value>
                <![CDATA[9876543212]]>
              </value>
            </param>
            <param index="13">
              <value>
                <![CDATA[jaga@12345]]>
              </value>
            </param>
            <param index="14">
              <value>
                <![CDATA[jaga@12345]]>
              </value>
            </param>
          </params>
          <exception class="java.lang.AssertionError">
            <message>
              <![CDATA[expected [http://www.gcrit.com/build3/create_account_success.php] but found [http://www.gcrit.com/build3/create_account.php]]]>
            </message>
            <full-stacktrace>
              <![CDATA[java.lang.AssertionError: expected [http://www.gcrit.com/build3/create_account_success.php] but found [http://www.gcrit.com/build3/create_account.php]
	at org.testng.Assert.fail(Assert.java:94)
	at org.testng.Assert.failNotEquals(Assert.java:494)
	at org.testng.Assert.assertEquals(Assert.java:123)
	at org.testng.Assert.assertEquals(Assert.java:176)
	at org.testng.Assert.assertEquals(Assert.java:186)
	at com.jaga.pageobjectmodel.pagelibrary.CreateAnAccount.createAccountRegistration(CreateAnAccount.java:106)
	at com.jaga.pageobjectmodel.testscripts.TestCaseExecutionScript.testcreateAccountRegistration(TestCaseExecutionScript.java:106)
	at sun.reflect.NativeMethodAccessorImpl.invoke0(Native Method)
	at sun.reflect.NativeMethodAccessorImpl.invoke(Unknown Source)
	at sun.reflect.DelegatingMethodAccessorImpl.invoke(Unknown Source)
	at java.lang.reflect.Method.invoke(Unknown Source)
	at org.testng.internal.MethodInvocationHelper.invokeMethod(MethodInvocationHelper.java:80)
	at org.testng.internal.Invoker.invokeMethod(Invoker.java:714)
	at org.testng.internal.Invoker.invokeTestMethod(Invoker.java:901)
	at org.testng.internal.Invoker.invokeTestMethods(Invoker.java:1231)
	at org.testng.internal.TestMethodWorker.invokeTestMethods(TestMethodWorker.java:127)
	at org.testng.internal.TestMethodWorker.run(TestMethodWorker.java:111)
	at org.testng.TestRunner.privateRun(TestRunner.java:767)
	at org.testng.TestRunner.run(TestRunner.java:617)
	at org.testng.SuiteRunner.runTest(SuiteRunner.java:334)
	at org.testng.SuiteRunner.runSequentially(SuiteRunner.java:329)
	at org.testng.SuiteRunner.privateRun(SuiteRunner.java:291)
	at org.testng.SuiteRunner.run(SuiteRunner.java:240)
	at org.testng.SuiteRunnerWorker.runSuite(SuiteRunnerWorker.java:52)
	at org.testng.SuiteRunnerWorker.run(SuiteRunnerWorker.java:86)
	at org.testng.TestNG.runSuitesSequentially(TestNG.java:1198)
	at org.testng.TestNG.runSuitesLocally(TestNG.java:1123)
	at org.testng.TestNG.run(TestNG.java:1031)
	at org.apache.maven.surefire.testng.TestNGExecutor.run(TestNGExecutor.java:77)
	at org.apache.maven.surefire.testng.TestNGDirectoryTestSuite.execute(TestNGDirectoryTestSuite.java:110)
	at org.apache.maven.surefire.testng.TestNGProvider.invoke(TestNGProvider.java:106)
	at sun.reflect.NativeMethodAccessorImpl.invoke0(Native Method)
	at sun.reflect.NativeMethodAccessorImpl.invoke(Unknown Source)
	at sun.reflect.DelegatingMethodAccessorImpl.invoke(Unknown Source)
	at java.lang.reflect.Method.invoke(Unknown Source)
	at org.apache.maven.surefire.util.ReflectionUtils.invokeMethodWithArray(ReflectionUtils.java:189)
	at org.apache.maven.surefire.booter.ProviderFactory$ProviderProxy.invoke(ProviderFactory.java:165)
	at org.apache.maven.surefire.booter.ProviderFactory.invokeProvider(ProviderFactory.java:85)
	at org.apache.maven.surefire.booter.ForkedBooter.runSuitesInProcess(ForkedBooter.java:115)
	at org.apache.maven.surefire.booter.ForkedBooter.main(ForkedBooter.java:75)
]]>
            </full-stacktrace>
          </exception> <!-- java.lang.AssertionError -->
          <reporter-output>
          </reporter-output>
        </test-method> <!-- testcreateAccountRegistration -->
        <test-method status="PASS" signature="teardown()[pri:0, instance:com.jaga.pageobjectmodel.testscripts.TestCaseExecutionScript@8e7350]" name="teardown" is-config="true" duration-ms="51" started-at="2018-03-03T19:54:04Z" finished-at="2018-03-03T19:54:04Z">
          <reporter-output>
          </reporter-output>
        </test-method> <!-- teardown -->
        <test-method status="SKIP" signature="testSignIn(java.lang.String, java.lang.String, java.lang.String, java.lang.String)[pri:0, instance:com.jaga.pageobjectmodel.testscripts.TestCaseExecutionScript@8e7350]" name="testSignIn" duration-ms="1" started-at="2018-03-03T19:54:04Z" data-provider="signinData" depends-on-methods="com.jaga.pageobjectmodel.testscripts.TestCaseExecutionScript.testcreateAccountRegistration" finished-at="2018-03-03T19:54:04Z">
          <reporter-output>
          </reporter-output>
        </test-method> <!-- testSignIn -->
      </class> <!-- com.jaga.pageobjectmodel.testscripts.TestCaseExecutionScript -->
    </test> <!-- Command line test -->
  </suite> <!-- com.jaga.pageobjectmodel.testscripts.TestCaseExecutionScript -->
</testng-results>
