<?xml version="1.0" encoding="UTF-8"?>
<testng-results skipped="1" failed="2" total="4" passed="1">
  <reporter-output>
    <line>
      <![CDATA[Test started running:testcreateAccountRegistration at:16]]>
    </line>
    <line>
      <![CDATA[<a href="E:\ECLIPSE ENV\Selenium_Excercises\Selenium_PageObjectModelFramework//src//test//resources//screenshots//failure//03-03-2018_09-08-testcreateAccountRegistration.png"><img src="file:///E:\ECLIPSE ENV\Selenium_Excercises\Selenium_PageObjectModelFramework//src//test//resources//screenshots//failure//03-03-2018_09-08-testcreateAccountRegistration.png" alt=""height='100' width='100'/> <br />]]>
    </line>
    <line>
      <![CDATA[testcreateAccountRegistration--Test method failed
]]>
    </line>
    <line>
      <![CDATA[Test started running:testSignIn at:16]]>
    </line>
    <line>
      <![CDATA[<a href="E:\ECLIPSE ENV\Selenium_Excercises\Selenium_PageObjectModelFramework//src//test//resources//screenshots//success//03-03-2018_09-27-testSignIn.png"><img src="file:///E:\ECLIPSE ENV\Selenium_Excercises\Selenium_PageObjectModelFramework//src//test//resources//screenshots//success//03-03-2018_09-27-testSignIn.png" alt=""height='100' width='100'/> <br />]]>
    </line>
    <line>
      <![CDATA[testSignIn--Test method passed
]]>
    </line>
    <line>
      <![CDATA[Test started running:testcreateAccountRegistration at:16]]>
    </line>
    <line>
      <![CDATA[<a href="E:\ECLIPSE ENV\Selenium_Excercises\Selenium_PageObjectModelFramework//src//test//resources//screenshots//failure//03-03-2018_09-49-testcreateAccountRegistration.png"><img src="file:///E:\ECLIPSE ENV\Selenium_Excercises\Selenium_PageObjectModelFramework//src//test//resources//screenshots//failure//03-03-2018_09-49-testcreateAccountRegistration.png" alt=""height='100' width='100'/> <br />]]>
    </line>
    <line>
      <![CDATA[testcreateAccountRegistration--Test method failed
]]>
    </line>
  </reporter-output>
  <suite name="Regression Suite" duration-ms="103000" started-at="2018-03-03T03:45:07Z" finished-at="2018-03-03T03:46:50Z">
    <groups>
    </groups>
    <test name="CreateAccount" duration-ms="62174" started-at="2018-03-03T03:45:07Z" finished-at="2018-03-03T03:46:09Z">
      <class name="com.jaga.pageobjectmodel.testscripts.TC001_CreateAccount">
        <test-method status="PASS" signature="setup()[pri:0, instance:com.jaga.pageobjectmodel.testscripts.TC001_CreateAccount@1ef968d]" name="setup" is-config="true" duration-ms="46108" started-at="2018-03-03T09:15:10Z" finished-at="2018-03-03T09:15:56Z">
          <reporter-output>
          </reporter-output>
        </test-method> <!-- setup -->
        <test-method status="FAIL" signature="testcreateAccountRegistration(java.lang.String, java.lang.String, java.lang.String, java.lang.String, java.lang.String, java.lang.String, java.lang.String, java.lang.String, java.lang.String, java.lang.String, java.lang.String, java.lang.String, java.lang.String, java.lang.String, java.lang.String)[pri:0, instance:com.jaga.pageobjectmodel.testscripts.TC001_CreateAccount@1ef968d]" name="testcreateAccountRegistration" duration-ms="11786" started-at="2018-03-03T09:15:56Z" data-provider="createAccountData" finished-at="2018-03-03T09:16:08Z">
          <params>
            <param index="0">
              <value>
                <![CDATA[Y]]>
              </value>
            </param>
            <param index="1">
              <value>
                <![CDATA[CreateAccount]]>
              </value>
            </param>
            <param index="2">
              <value>
                <![CDATA[Jaga]]>
              </value>
            </param>
            <param index="3">
              <value>
                <![CDATA[Waran]]>
              </value>
            </param>
            <param index="4">
              <value>
                <![CDATA[08/30/1991]]>
              </value>
            </param>
            <param index="5">
              <value>
                <![CDATA[testjaga277171@gmail.com]]>
              </value>
            </param>
            <param index="6">
              <value>
                <![CDATA[IT Company]]>
              </value>
            </param>
            <param index="7">
              <value>
                <![CDATA[Sholinganallur]]>
              </value>
            </param>
            <param index="8">
              <value>
                <![CDATA[600119]]>
              </value>
            </param>
            <param index="9">
              <value>
                <![CDATA[Chennai]]>
              </value>
            </param>
            <param index="10">
              <value>
                <![CDATA[TamilNadu]]>
              </value>
            </param>
            <param index="11">
              <value>
                <![CDATA[India]]>
              </value>
            </param>
            <param index="12">
              <value>
                <![CDATA[9876543212]]>
              </value>
            </param>
            <param index="13">
              <value>
                <![CDATA[jaga@12345]]>
              </value>
            </param>
            <param index="14">
              <value>
                <![CDATA[jaga@12345]]>
              </value>
            </param>
          </params>
          <exception class="java.lang.AssertionError">
            <message>
              <![CDATA[expected [http://www.gcrit.com/build3/create_account_success.php] but found [http://www.gcrit.com/build3/create_account.php]]]>
            </message>
            <full-stacktrace>
              <![CDATA[java.lang.AssertionError: expected [http://www.gcrit.com/build3/create_account_success.php] but found [http://www.gcrit.com/build3/create_account.php]
	at org.testng.Assert.fail(Assert.java:94)
	at org.testng.Assert.failNotEquals(Assert.java:494)
	at org.testng.Assert.assertEquals(Assert.java:123)
	at org.testng.Assert.assertEquals(Assert.java:176)
	at org.testng.Assert.assertEquals(Assert.java:186)
	at com.jaga.pageobjectmodel.pagelibrary.CreateAnAccount.createAccountRegistration(CreateAnAccount.java:106)
	at com.jaga.pageobjectmodel.testscripts.TC001_CreateAccount.testcreateAccountRegistration(TC001_CreateAccount.java:104)
	at sun.reflect.NativeMethodAccessorImpl.invoke0(Native Method)
	at sun.reflect.NativeMethodAccessorImpl.invoke(Unknown Source)
	at sun.reflect.DelegatingMethodAccessorImpl.invoke(Unknown Source)
	at java.lang.reflect.Method.invoke(Unknown Source)
	at org.testng.internal.MethodInvocationHelper.invokeMethod(MethodInvocationHelper.java:80)
	at org.testng.internal.Invoker.invokeMethod(Invoker.java:714)
	at org.testng.internal.Invoker.invokeTestMethod(Invoker.java:901)
	at org.testng.internal.Invoker.invokeTestMethods(Invoker.java:1231)
	at org.testng.internal.TestMethodWorker.invokeTestMethods(TestMethodWorker.java:127)
	at org.testng.internal.TestMethodWorker.run(TestMethodWorker.java:111)
	at org.testng.TestRunner.privateRun(TestRunner.java:767)
	at org.testng.TestRunner.run(TestRunner.java:617)
	at org.testng.SuiteRunner.runTest(SuiteRunner.java:334)
	at org.testng.SuiteRunner.runSequentially(SuiteRunner.java:329)
	at org.testng.SuiteRunner.privateRun(SuiteRunner.java:291)
	at org.testng.SuiteRunner.run(SuiteRunner.java:240)
	at org.testng.SuiteRunnerWorker.runSuite(SuiteRunnerWorker.java:52)
	at org.testng.SuiteRunnerWorker.run(SuiteRunnerWorker.java:86)
	at org.testng.TestNG.runSuitesSequentially(TestNG.java:1198)
	at org.testng.TestNG.runSuitesLocally(TestNG.java:1123)
	at org.testng.TestNG.run(TestNG.java:1031)
	at org.testng.remote.AbstractRemoteTestNG.run(AbstractRemoteTestNG.java:114)
	at org.testng.remote.RemoteTestNG.initAndRun(RemoteTestNG.java:251)
	at org.testng.remote.RemoteTestNG.main(RemoteTestNG.java:77)
]]>
            </full-stacktrace>
          </exception> <!-- java.lang.AssertionError -->
          <reporter-output>
            <line>
              <![CDATA[<a href="E:\ECLIPSE ENV\Selenium_Excercises\Selenium_PageObjectModelFramework//src//test//resources//screenshots//failure//03-03-2018_09-08-testcreateAccountRegistration.png"><img src="file:///E:\ECLIPSE ENV\Selenium_Excercises\Selenium_PageObjectModelFramework//src//test//resources//screenshots//failure//03-03-2018_09-08-testcreateAccountRegistration.png" alt=""height='100' width='100'/> <br />]]>
            </line>
          </reporter-output>
        </test-method> <!-- testcreateAccountRegistration -->
        <test-method status="PASS" signature="teardown()[pri:0, instance:com.jaga.pageobjectmodel.testscripts.TC001_CreateAccount@1ef968d]" name="teardown" is-config="true" duration-ms="120" started-at="2018-03-03T09:16:09Z" finished-at="2018-03-03T09:16:09Z">
          <reporter-output>
          </reporter-output>
        </test-method> <!-- teardown -->
      </class> <!-- com.jaga.pageobjectmodel.testscripts.TC001_CreateAccount -->
    </test> <!-- CreateAccount -->
    <test name="SignIn" duration-ms="17880" started-at="2018-03-03T03:46:09Z" finished-at="2018-03-03T03:46:27Z">
      <class name="com.jaga.pageobjectmodel.testscripts.TC002_SignIn">
        <test-method status="PASS" signature="setup()[pri:0, instance:com.jaga.pageobjectmodel.testscripts.TC002_SignIn@49835d]" name="setup" is-config="true" duration-ms="13910" started-at="2018-03-03T09:16:09Z" finished-at="2018-03-03T09:16:23Z">
          <reporter-output>
          </reporter-output>
        </test-method> <!-- setup -->
        <test-method status="PASS" signature="testSignIn(java.lang.String, java.lang.String, java.lang.String, java.lang.String)[pri:0, instance:com.jaga.pageobjectmodel.testscripts.TC002_SignIn@49835d]" name="testSignIn" duration-ms="3379" started-at="2018-03-03T09:16:23Z" data-provider="signinData" finished-at="2018-03-03T09:16:27Z">
          <params>
            <param index="0">
              <value>
                <![CDATA[Y]]>
              </value>
            </param>
            <param index="1">
              <value>
                <![CDATA[SignIn]]>
              </value>
            </param>
            <param index="2">
              <value>
                <![CDATA[testjaga277171@gmail.com]]>
              </value>
            </param>
            <param index="3">
              <value>
                <![CDATA[jaga@12345]]>
              </value>
            </param>
          </params>
          <reporter-output>
            <line>
              <![CDATA[<a href="E:\ECLIPSE ENV\Selenium_Excercises\Selenium_PageObjectModelFramework//src//test//resources//screenshots//success//03-03-2018_09-27-testSignIn.png"><img src="file:///E:\ECLIPSE ENV\Selenium_Excercises\Selenium_PageObjectModelFramework//src//test//resources//screenshots//success//03-03-2018_09-27-testSignIn.png" alt=""height='100' width='100'/> <br />]]>
            </line>
          </reporter-output>
        </test-method> <!-- testSignIn -->
        <test-method status="PASS" signature="close()[pri:0, instance:com.jaga.pageobjectmodel.testscripts.TC002_SignIn@49835d]" name="close" is-config="true" duration-ms="48" started-at="2018-03-03T09:16:27Z" finished-at="2018-03-03T09:16:27Z">
          <reporter-output>
          </reporter-output>
        </test-method> <!-- close -->
      </class> <!-- com.jaga.pageobjectmodel.testscripts.TC002_SignIn -->
    </test> <!-- SignIn -->
    <test name="TestCaseExecutionScript" duration-ms="22574" started-at="2018-03-03T03:46:27Z" finished-at="2018-03-03T03:46:50Z">
      <class name="com.jaga.pageobjectmodel.testscripts.TestCaseExecutionScript">
        <test-method status="PASS" signature="setup()[pri:0, instance:com.jaga.pageobjectmodel.testscripts.TestCaseExecutionScript@707e36]" name="setup" is-config="true" duration-ms="12027" started-at="2018-03-03T09:16:27Z" finished-at="2018-03-03T09:16:39Z">
          <reporter-output>
          </reporter-output>
        </test-method> <!-- setup -->
        <test-method status="FAIL" signature="testcreateAccountRegistration(java.lang.String, java.lang.String, java.lang.String, java.lang.String, java.lang.String, java.lang.String, java.lang.String, java.lang.String, java.lang.String, java.lang.String, java.lang.String, java.lang.String, java.lang.String, java.lang.String, java.lang.String)[pri:0, instance:com.jaga.pageobjectmodel.testscripts.TestCaseExecutionScript@707e36]" name="testcreateAccountRegistration" duration-ms="9995" started-at="2018-03-03T09:16:39Z" data-provider="createAccountData" finished-at="2018-03-03T09:16:49Z">
          <params>
            <param index="0">
              <value>
                <![CDATA[Y]]>
              </value>
            </param>
            <param index="1">
              <value>
                <![CDATA[CreateAccount]]>
              </value>
            </param>
            <param index="2">
              <value>
                <![CDATA[Jaga]]>
              </value>
            </param>
            <param index="3">
              <value>
                <![CDATA[Waran]]>
              </value>
            </param>
            <param index="4">
              <value>
                <![CDATA[08/30/1991]]>
              </value>
            </param>
            <param index="5">
              <value>
                <![CDATA[testjaga277171@gmail.com]]>
              </value>
            </param>
            <param index="6">
              <value>
                <![CDATA[IT Company]]>
              </value>
            </param>
            <param index="7">
              <value>
                <![CDATA[Sholinganallur]]>
              </value>
            </param>
            <param index="8">
              <value>
                <![CDATA[600119]]>
              </value>
            </param>
            <param index="9">
              <value>
                <![CDATA[Chennai]]>
              </value>
            </param>
            <param index="10">
              <value>
                <![CDATA[TamilNadu]]>
              </value>
            </param>
            <param index="11">
              <value>
                <![CDATA[India]]>
              </value>
            </param>
            <param index="12">
              <value>
                <![CDATA[9876543212]]>
              </value>
            </param>
            <param index="13">
              <value>
                <![CDATA[jaga@12345]]>
              </value>
            </param>
            <param index="14">
              <value>
                <![CDATA[jaga@12345]]>
              </value>
            </param>
          </params>
          <exception class="java.lang.AssertionError">
            <message>
              <![CDATA[expected [http://www.gcrit.com/build3/create_account_success.php] but found [http://www.gcrit.com/build3/create_account.php]]]>
            </message>
            <full-stacktrace>
              <![CDATA[java.lang.AssertionError: expected [http://www.gcrit.com/build3/create_account_success.php] but found [http://www.gcrit.com/build3/create_account.php]
	at org.testng.Assert.fail(Assert.java:94)
	at org.testng.Assert.failNotEquals(Assert.java:494)
	at org.testng.Assert.assertEquals(Assert.java:123)
	at org.testng.Assert.assertEquals(Assert.java:176)
	at org.testng.Assert.assertEquals(Assert.java:186)
	at com.jaga.pageobjectmodel.pagelibrary.CreateAnAccount.createAccountRegistration(CreateAnAccount.java:106)
	at com.jaga.pageobjectmodel.testscripts.TestCaseExecutionScript.testcreateAccountRegistration(TestCaseExecutionScript.java:106)
	at sun.reflect.NativeMethodAccessorImpl.invoke0(Native Method)
	at sun.reflect.NativeMethodAccessorImpl.invoke(Unknown Source)
	at sun.reflect.DelegatingMethodAccessorImpl.invoke(Unknown Source)
	at java.lang.reflect.Method.invoke(Unknown Source)
	at org.testng.internal.MethodInvocationHelper.invokeMethod(MethodInvocationHelper.java:80)
	at org.testng.internal.Invoker.invokeMethod(Invoker.java:714)
	at org.testng.internal.Invoker.invokeTestMethod(Invoker.java:901)
	at org.testng.internal.Invoker.invokeTestMethods(Invoker.java:1231)
	at org.testng.internal.TestMethodWorker.invokeTestMethods(TestMethodWorker.java:127)
	at org.testng.internal.TestMethodWorker.run(TestMethodWorker.java:111)
	at org.testng.TestRunner.privateRun(TestRunner.java:767)
	at org.testng.TestRunner.run(TestRunner.java:617)
	at org.testng.SuiteRunner.runTest(SuiteRunner.java:334)
	at org.testng.SuiteRunner.runSequentially(SuiteRunner.java:329)
	at org.testng.SuiteRunner.privateRun(SuiteRunner.java:291)
	at org.testng.SuiteRunner.run(SuiteRunner.java:240)
	at org.testng.SuiteRunnerWorker.runSuite(SuiteRunnerWorker.java:52)
	at org.testng.SuiteRunnerWorker.run(SuiteRunnerWorker.java:86)
	at org.testng.TestNG.runSuitesSequentially(TestNG.java:1198)
	at org.testng.TestNG.runSuitesLocally(TestNG.java:1123)
	at org.testng.TestNG.run(TestNG.java:1031)
	at org.testng.remote.AbstractRemoteTestNG.run(AbstractRemoteTestNG.java:114)
	at org.testng.remote.RemoteTestNG.initAndRun(RemoteTestNG.java:251)
	at org.testng.remote.RemoteTestNG.main(RemoteTestNG.java:77)
]]>
            </full-stacktrace>
          </exception> <!-- java.lang.AssertionError -->
          <reporter-output>
            <line>
              <![CDATA[<a href="E:\ECLIPSE ENV\Selenium_Excercises\Selenium_PageObjectModelFramework//src//test//resources//screenshots//failure//03-03-2018_09-49-testcreateAccountRegistration.png"><img src="file:///E:\ECLIPSE ENV\Selenium_Excercises\Selenium_PageObjectModelFramework//src//test//resources//screenshots//failure//03-03-2018_09-49-testcreateAccountRegistration.png" alt=""height='100' width='100'/> <br />]]>
            </line>
          </reporter-output>
        </test-method> <!-- testcreateAccountRegistration -->
        <test-method status="PASS" signature="teardown()[pri:0, instance:com.jaga.pageobjectmodel.testscripts.TestCaseExecutionScript@707e36]" name="teardown" is-config="true" duration-ms="37" started-at="2018-03-03T09:16:50Z" finished-at="2018-03-03T09:16:50Z">
          <reporter-output>
          </reporter-output>
        </test-method> <!-- teardown -->
        <test-method status="SKIP" signature="testSignIn(java.lang.String, java.lang.String, java.lang.String, java.lang.String)[pri:0, instance:com.jaga.pageobjectmodel.testscripts.TestCaseExecutionScript@707e36]" name="testSignIn" duration-ms="0" started-at="2018-03-03T09:16:50Z" data-provider="signinData" depends-on-methods="com.jaga.pageobjectmodel.testscripts.TestCaseExecutionScript.testcreateAccountRegistration" finished-at="2018-03-03T09:16:50Z">
          <reporter-output>
          </reporter-output>
        </test-method> <!-- testSignIn -->
      </class> <!-- com.jaga.pageobjectmodel.testscripts.TestCaseExecutionScript -->
    </test> <!-- TestCaseExecutionScript -->
  </suite> <!-- Regression Suite -->
</testng-results>
